mode: set
github.com/Man-Crest/GO-Projects/01_bookings/pkg/handlers/availability.go:10.140,26.16 2 0
github.com/Man-Crest/GO-Projects/01_bookings/pkg/handlers/availability.go:26.16,29.3 2 0
github.com/Man-Crest/GO-Projects/01_bookings/pkg/handlers/availability.go:31.2,36.18 3 0
github.com/Man-Crest/GO-Projects/01_bookings/pkg/handlers/availability.go:36.18,39.78 3 0
github.com/Man-Crest/GO-Projects/01_bookings/pkg/handlers/availability.go:39.78,42.4 2 0
github.com/Man-Crest/GO-Projects/01_bookings/pkg/handlers/availability.go:43.3,44.42 2 0
github.com/Man-Crest/GO-Projects/01_bookings/pkg/handlers/availability.go:44.42,46.4 1 0
github.com/Man-Crest/GO-Projects/01_bookings/pkg/handlers/availability.go:48.2,48.35 1 0
github.com/Man-Crest/GO-Projects/01_bookings/pkg/handlers/availability.go:48.35,51.3 2 0
github.com/Man-Crest/GO-Projects/01_bookings/pkg/handlers/availability.go:52.2,52.19 1 0
github.com/Man-Crest/GO-Projects/01_bookings/pkg/handlers/handlers.go:28.65,33.2 1 1
github.com/Man-Crest/GO-Projects/01_bookings/pkg/handlers/handlers.go:36.33,38.2 1 1
github.com/Man-Crest/GO-Projects/01_bookings/pkg/handlers/handlers.go:62.67,64.2 1 1
github.com/Man-Crest/GO-Projects/01_bookings/pkg/handlers/handlers.go:66.68,68.2 1 1
github.com/Man-Crest/GO-Projects/01_bookings/pkg/handlers/handlers.go:70.70,72.2 1 1
github.com/Man-Crest/GO-Projects/01_bookings/pkg/handlers/handlers.go:74.71,76.2 1 1
github.com/Man-Crest/GO-Projects/01_bookings/pkg/handlers/handlers.go:78.69,80.2 1 1
github.com/Man-Crest/GO-Projects/01_bookings/pkg/handlers/handlers.go:82.78,86.16 2 0
github.com/Man-Crest/GO-Projects/01_bookings/pkg/handlers/handlers.go:86.16,89.3 2 0
github.com/Man-Crest/GO-Projects/01_bookings/pkg/handlers/handlers.go:90.2,90.16 1 0
github.com/Man-Crest/GO-Projects/01_bookings/pkg/handlers/handlers.go:90.16,93.3 2 0
github.com/Man-Crest/GO-Projects/01_bookings/pkg/handlers/handlers.go:95.2,97.9 2 0
github.com/Man-Crest/GO-Projects/01_bookings/pkg/handlers/handlers.go:97.9,102.3 4 0
github.com/Man-Crest/GO-Projects/01_bookings/pkg/handlers/handlers.go:104.2,119.19 7 0
github.com/Man-Crest/GO-Projects/01_bookings/pkg/handlers/handlers.go:119.19,126.3 3 0
github.com/Man-Crest/GO-Projects/01_bookings/pkg/handlers/handlers.go:127.2,128.66 2 0
github.com/Man-Crest/GO-Projects/01_bookings/pkg/handlers/handlers.go:131.74,141.2 4 1
github.com/Man-Crest/GO-Projects/01_bookings/pkg/handlers/handlers.go:143.81,146.17 3 0
github.com/Man-Crest/GO-Projects/01_bookings/pkg/handlers/handlers.go:146.17,151.3 4 0
github.com/Man-Crest/GO-Projects/01_bookings/pkg/handlers/handlers.go:155.2,161.4 4 0
github.com/Man-Crest/GO-Projects/01_bookings/pkg/handlers/handlers.go:163.85,166.17 3 0
github.com/Man-Crest/GO-Projects/01_bookings/pkg/handlers/handlers.go:166.17,171.3 4 0
github.com/Man-Crest/GO-Projects/01_bookings/pkg/handlers/handlers.go:173.2,182.16 3 0
github.com/Man-Crest/GO-Projects/01_bookings/pkg/handlers/handlers.go:182.16,186.3 2 0
github.com/Man-Crest/GO-Projects/01_bookings/pkg/handlers/handlers.go:187.2,187.16 1 0
github.com/Man-Crest/GO-Projects/01_bookings/pkg/handlers/handlers.go:187.16,190.3 2 0
github.com/Man-Crest/GO-Projects/01_bookings/pkg/handlers/handlers.go:192.2,195.47 3 0
github.com/Man-Crest/GO-Projects/01_bookings/pkg/handlers/handlers.go:199.81,201.2 1 1
github.com/Man-Crest/GO-Projects/01_bookings/pkg/handlers/handlers.go:203.79,205.16 2 0
github.com/Man-Crest/GO-Projects/01_bookings/pkg/handlers/handlers.go:205.16,208.3 2 0
github.com/Man-Crest/GO-Projects/01_bookings/pkg/handlers/handlers.go:209.2,215.16 4 0
github.com/Man-Crest/GO-Projects/01_bookings/pkg/handlers/handlers.go:215.16,219.3 2 0
github.com/Man-Crest/GO-Projects/01_bookings/pkg/handlers/handlers.go:221.2,223.16 2 0
github.com/Man-Crest/GO-Projects/01_bookings/pkg/handlers/handlers.go:223.16,227.3 2 0
github.com/Man-Crest/GO-Projects/01_bookings/pkg/handlers/handlers.go:228.2,229.16 2 0
github.com/Man-Crest/GO-Projects/01_bookings/pkg/handlers/handlers.go:229.16,233.3 2 0
github.com/Man-Crest/GO-Projects/01_bookings/pkg/handlers/handlers.go:235.2,240.16 3 0
github.com/Man-Crest/GO-Projects/01_bookings/pkg/handlers/handlers.go:240.16,242.3 1 0
github.com/Man-Crest/GO-Projects/01_bookings/pkg/handlers/handlers.go:244.2,251.64 4 0
github.com/Man-Crest/GO-Projects/01_bookings/pkg/handlers/handlers.go:254.79,256.9 2 0
github.com/Man-Crest/GO-Projects/01_bookings/pkg/handlers/handlers.go:256.9,261.3 4 0
github.com/Man-Crest/GO-Projects/01_bookings/pkg/handlers/handlers.go:263.2,270.4 4 0
github.com/Man-Crest/GO-Projects/01_bookings/pkg/handlers/handlers.go:273.83,277.16 2 0
github.com/Man-Crest/GO-Projects/01_bookings/pkg/handlers/handlers.go:277.16,279.3 1 0
github.com/Man-Crest/GO-Projects/01_bookings/pkg/handlers/handlers.go:281.2,291.63 5 0
